[[[[[ ~/github/bullet-micro/main ]]]]]

=> Started proxy.
=> Meteor 1.1.0.3 is available. Update this project with 'meteor update'.
=> Started MongoDB.
=> Started your app.

=> App running at: http://localhost:6001/
=> Server modified -- restarting...                                   => Meteor server restarted
[34mI20150909-21:29:51.838(4)? [39mException in defer callback: Error: Method not found [404]
[34mI20150909-21:29:51.840(4)? [39m    at Object.Future.wait (/Users/tapmate/.meteor/packages/meteor-tool/.1.1.3.1wysac9++os.osx.x86_64+web.browser+web.cordova/mt-os.osx.x86_64/dev_bundle/server-lib/node_modules/fibers/future.js:398:15)
[34mI20150909-21:29:51.840(4)? [39m    at [object Object]._.extend.apply (packages/ddp/livedata_connection.js:901:1)
[34mI20150909-21:29:51.840(4)? [39m    at [object Object]._.extend.call (packages/ddp/livedata_connection.js:668:1)
[34mI20150909-21:29:51.840(4)? [39m    at app/server/app.js:9:13
[34mI20150909-21:29:51.840(4)? [39m    at [object Object]._.extend.withValue (packages/meteor/dynamics_nodejs.js:56:1)
[34mI20150909-21:29:51.840(4)? [39m    at packages/meteor/timers.js:6:1
[34mI20150909-21:29:51.840(4)? [39m    at runWithEnvironment (packages/meteor/dynamics_nodejs.js:108:1)
[34mI20150909-21:29:51.840(4)? [39m    - - - - -
[34mI20150909-21:29:51.840(4)? [39m    at [object Object]._.extend._livedata_result (packages/ddp/livedata_connection.js:1494:1)
[34mI20150909-21:29:51.841(4)? [39m    at onMessage (packages/ddp/livedata_connection.js:255:1)
[34mI20150909-21:29:51.841(4)? [39m    at runWithEnvironment (packages/meteor/dynamics_nodejs.js:108:1)
[34mI20150909-21:29:51.841(4)? [39m    at packages/meteor/dynamics_nodejs.js:121:1
[34mI20150909-21:29:51.841(4)? [39m    at packages/ddp/stream_client_nodejs.js:193:1
[34mI20150909-21:29:51.841(4)? [39m    at Array.forEach (native)
[34mI20150909-21:29:51.841(4)? [39m    at Function._.each._.forEach (packages/underscore/underscore.js:105:1)
[34mI20150909-21:29:51.841(4)? [39m    at packages/ddp/stream_client_nodejs.js:192:1
[34mI20150909-21:29:51.841(4)? [39m    at packages/ddp/stream_client_nodejs.js:168:1
[34mI20150909-21:29:51.841(4)? [39m    at runWithEnvironment (packages/meteor/dynamics_nodejs.js:108:1)
[34mI20150909-21:29:55.186(4)? [39mException in defer callback: Error: Method not found [404]
[34mI20150909-21:29:55.186(4)? [39m    at Object.Future.wait (/Users/tapmate/.meteor/packages/meteor-tool/.1.1.3.1wysac9++os.osx.x86_64+web.browser+web.cordova/mt-os.osx.x86_64/dev_bundle/server-lib/node_modules/fibers/future.js:398:15)
[34mI20150909-21:29:55.186(4)? [39m    at [object Object]._.extend.apply (packages/ddp/livedata_connection.js:901:1)
[34mI20150909-21:29:55.187(4)? [39m    at [object Object]._.extend.call (packages/ddp/livedata_connection.js:668:1)
[34mI20150909-21:29:55.187(4)? [39m    at app/server/app.js:9:13
[34mI20150909-21:29:55.187(4)? [39m    at [object Object]._.extend.withValue (packages/meteor/dynamics_nodejs.js:56:1)
[34mI20150909-21:29:55.187(4)? [39m    at packages/meteor/timers.js:6:1
[34mI20150909-21:29:55.187(4)? [39m    at runWithEnvironment (packages/meteor/dynamics_nodejs.js:108:1)
[34mI20150909-21:29:55.187(4)? [39m    - - - - -
[34mI20150909-21:29:55.187(4)? [39m    at [object Object]._.extend._livedata_result (packages/ddp/livedata_connection.js:1494:1)
[34mI20150909-21:29:55.188(4)? [39m    at onMessage (packages/ddp/livedata_connection.js:255:1)
[34mI20150909-21:29:55.188(4)? [39m    at runWithEnvironment (packages/meteor/dynamics_nodejs.js:108:1)
[34mI20150909-21:29:55.188(4)? [39m    at packages/meteor/dynamics_nodejs.js:121:1
[34mI20150909-21:29:55.188(4)? [39m    at packages/ddp/stream_client_nodejs.js:193:1
[34mI20150909-21:29:55.188(4)? [39m    at Array.forEach (native)
[34mI20150909-21:29:55.188(4)? [39m    at Function._.each._.forEach (packages/underscore/underscore.js:105:1)
[34mI20150909-21:29:55.188(4)? [39m    at packages/ddp/stream_client_nodejs.js:192:1
[34mI20150909-21:29:55.188(4)? [39m    at packages/ddp/stream_client_nodejs.js:168:1
[34mI20150909-21:29:55.189(4)? [39m    at runWithEnvironment (packages/meteor/dynamics_nodejs.js:108:1)
[34mI20150909-21:29:56.241(4)? [39mException in defer callback: Error: Method not found [404]
[34mI20150909-21:29:56.241(4)? [39m    at Object.Future.wait (/Users/tapmate/.meteor/packages/meteor-tool/.1.1.3.1wysac9++os.osx.x86_64+web.browser+web.cordova/mt-os.osx.x86_64/dev_bundle/server-lib/node_modules/fibers/future.js:398:15)
[34mI20150909-21:29:56.241(4)? [39m    at [object Object]._.extend.apply (packages/ddp/livedata_connection.js:901:1)
[34mI20150909-21:29:56.242(4)? [39m    at [object Object]._.extend.call (packages/ddp/livedata_connection.js:668:1)
[34mI20150909-21:29:56.242(4)? [39m    at app/server/app.js:9:13
[34mI20150909-21:29:56.242(4)? [39m    at [object Object]._.extend.withValue (packages/meteor/dynamics_nodejs.js:56:1)
[34mI20150909-21:29:56.242(4)? [39m    at packages/meteor/timers.js:6:1
[34mI20150909-21:29:56.242(4)? [39m    at runWithEnvironment (packages/meteor/dynamics_nodejs.js:108:1)
[34mI20150909-21:29:56.242(4)? [39m    - - - - -
[34mI20150909-21:29:56.242(4)? [39m    at [object Object]._.extend._livedata_result (packages/ddp/livedata_connection.js:1494:1)
[34mI20150909-21:29:56.242(4)? [39m    at onMessage (packages/ddp/livedata_connection.js:255:1)
[34mI20150909-21:29:56.242(4)? [39m    at runWithEnvironment (packages/meteor/dynamics_nodejs.js:108:1)
[34mI20150909-21:29:56.243(4)? [39m    at packages/meteor/dynamics_nodejs.js:121:1
[34mI20150909-21:29:56.243(4)? [39m    at packages/ddp/stream_client_nodejs.js:193:1
[34mI20150909-21:29:56.243(4)? [39m    at Array.forEach (native)
[34mI20150909-21:29:56.243(4)? [39m    at Function._.each._.forEach (packages/underscore/underscore.js:105:1)
[34mI20150909-21:29:56.243(4)? [39m    at packages/ddp/stream_client_nodejs.js:192:1
[34mI20150909-21:29:56.243(4)? [39m    at packages/ddp/stream_client_nodejs.js:168:1
[34mI20150909-21:29:56.243(4)? [39m    at runWithEnvironment (packages/meteor/dynamics_nodejs.js:108:1)
[34mI20150909-21:29:56.569(4)? [39mException in defer callback: Error: Method not found [404]
[34mI20150909-21:29:56.569(4)? [39m    at Object.Future.wait (/Users/tapmate/.meteor/packages/meteor-tool/.1.1.3.1wysac9++os.osx.x86_64+web.browser+web.cordova/mt-os.osx.x86_64/dev_bundle/server-lib/node_modules/fibers/future.js:398:15)
[34mI20150909-21:29:56.570(4)? [39m    at [object Object]._.extend.apply (packages/ddp/livedata_connection.js:901:1)
[34mI20150909-21:29:56.570(4)? [39m    at [object Object]._.extend.call (packages/ddp/livedata_connection.js:668:1)
[34mI20150909-21:29:56.570(4)? [39m    at app/server/app.js:9:13
[34mI20150909-21:29:56.570(4)? [39m    at [object Object]._.extend.withValue (packages/meteor/dynamics_nodejs.js:56:1)
[34mI20150909-21:29:56.570(4)? [39m    at packages/meteor/timers.js:6:1
[34mI20150909-21:29:56.570(4)? [39m    at runWithEnvironment (packages/meteor/dynamics_nodejs.js:108:1)
[34mI20150909-21:29:56.571(4)? [39m    - - - - -
[34mI20150909-21:29:56.571(4)? [39m    at [object Object]._.extend._livedata_result (packages/ddp/livedata_connection.js:1494:1)
[34mI20150909-21:29:56.571(4)? [39m    at onMessage (packages/ddp/livedata_connection.js:255:1)
[34mI20150909-21:29:56.571(4)? [39m    at runWithEnvironment (packages/meteor/dynamics_nodejs.js:108:1)
[34mI20150909-21:29:56.571(4)? [39m    at packages/meteor/dynamics_nodejs.js:121:1
[34mI20150909-21:29:56.571(4)? [39m    at packages/ddp/stream_client_nodejs.js:193:1
[34mI20150909-21:29:56.571(4)? [39m    at Array.forEach (native)
[34mI20150909-21:29:56.571(4)? [39m    at Function._.each._.forEach (packages/underscore/underscore.js:105:1)
[34mI20150909-21:29:56.571(4)? [39m    at packages/ddp/stream_client_nodejs.js:192:1
[34mI20150909-21:29:56.572(4)? [39m    at packages/ddp/stream_client_nodejs.js:168:1
[34mI20150909-21:29:56.572(4)? [39m    at runWithEnvironment (packages/meteor/dynamics_nodejs.js:108:1)
=> Server modified -- restarting...                                   => Meteor server restarted
=> Server modified -- restarting...                                   => Meteor server restarted
[34mI20150909-21:34:26.928(4)? [39mException in defer callback: Error: Method not found [404]
[34mI20150909-21:34:26.928(4)? [39m    at Object.Future.wait (/Users/tapmate/.meteor/packages/meteor-tool/.1.1.3.1wysac9++os.osx.x86_64+web.browser+web.cordova/mt-os.osx.x86_64/dev_bundle/server-lib/node_modules/fibers/future.js:398:15)
[34mI20150909-21:34:26.928(4)? [39m    at [object Object]._.extend.apply (packages/ddp/livedata_connection.js:901:1)
[34mI20150909-21:34:26.928(4)? [39m    at [object Object]._.extend.call (packages/ddp/livedata_connection.js:668:1)
[34mI20150909-21:34:26.928(4)? [39m    at app/server/app.js:14:13
[34mI20150909-21:34:26.928(4)? [39m    at [object Object]._.extend.withValue (packages/meteor/dynamics_nodejs.js:56:1)
[34mI20150909-21:34:26.928(4)? [39m    at packages/meteor/timers.js:6:1
[34mI20150909-21:34:26.928(4)? [39m    at runWithEnvironment (packages/meteor/dynamics_nodejs.js:108:1)
[34mI20150909-21:34:26.928(4)? [39m    - - - - -
[34mI20150909-21:34:26.928(4)? [39m    at [object Object]._.extend._livedata_result (packages/ddp/livedata_connection.js:1494:1)
[34mI20150909-21:34:26.929(4)? [39m    at onMessage (packages/ddp/livedata_connection.js:255:1)
[34mI20150909-21:34:26.929(4)? [39m    at runWithEnvironment (packages/meteor/dynamics_nodejs.js:108:1)
[34mI20150909-21:34:26.929(4)? [39m    at packages/meteor/dynamics_nodejs.js:121:1
[34mI20150909-21:34:26.929(4)? [39m    at packages/ddp/stream_client_nodejs.js:193:1
[34mI20150909-21:34:26.929(4)? [39m    at Array.forEach (native)
[34mI20150909-21:34:26.929(4)? [39m    at Function._.each._.forEach (packages/underscore/underscore.js:105:1)
[34mI20150909-21:34:26.929(4)? [39m    at packages/ddp/stream_client_nodejs.js:192:1
[34mI20150909-21:34:26.929(4)? [39m    at packages/ddp/stream_client_nodejs.js:168:1
[34mI20150909-21:34:26.930(4)? [39m    at runWithEnvironment (packages/meteor/dynamics_nodejs.js:108:1)
[34mI20150909-21:34:27.939(4)? [39mException in defer callback: Error: Method not found [404]
[34mI20150909-21:34:27.940(4)? [39m    at Object.Future.wait (/Users/tapmate/.meteor/packages/meteor-tool/.1.1.3.1wysac9++os.osx.x86_64+web.browser+web.cordova/mt-os.osx.x86_64/dev_bundle/server-lib/node_modules/fibers/future.js:398:15)
[34mI20150909-21:34:27.940(4)? [39m    at [object Object]._.extend.apply (packages/ddp/livedata_connection.js:901:1)
[34mI20150909-21:34:27.940(4)? [39m    at [object Object]._.extend.call (packages/ddp/livedata_connection.js:668:1)
[34mI20150909-21:34:27.940(4)? [39m    at app/server/app.js:14:13
[34mI20150909-21:34:27.940(4)? [39m    at [object Object]._.extend.withValue (packages/meteor/dynamics_nodejs.js:56:1)
[34mI20150909-21:34:27.940(4)? [39m    at packages/meteor/timers.js:6:1
[34mI20150909-21:34:27.940(4)? [39m    at runWithEnvironment (packages/meteor/dynamics_nodejs.js:108:1)
[34mI20150909-21:34:27.941(4)? [39m    - - - - -
[34mI20150909-21:34:27.941(4)? [39m    at [object Object]._.extend._livedata_result (packages/ddp/livedata_connection.js:1494:1)
[34mI20150909-21:34:27.941(4)? [39m    at onMessage (packages/ddp/livedata_connection.js:255:1)
[34mI20150909-21:34:27.941(4)? [39m    at runWithEnvironment (packages/meteor/dynamics_nodejs.js:108:1)
[34mI20150909-21:34:27.941(4)? [39m    at packages/meteor/dynamics_nodejs.js:121:1
[34mI20150909-21:34:27.941(4)? [39m    at packages/ddp/stream_client_nodejs.js:193:1
[34mI20150909-21:34:27.941(4)? [39m    at Array.forEach (native)
[34mI20150909-21:34:27.942(4)? [39m    at Function._.each._.forEach (packages/underscore/underscore.js:105:1)
[34mI20150909-21:34:27.942(4)? [39m    at packages/ddp/stream_client_nodejs.js:192:1
[34mI20150909-21:34:27.942(4)? [39m    at packages/ddp/stream_client_nodejs.js:168:1
[34mI20150909-21:34:27.942(4)? [39m    at runWithEnvironment (packages/meteor/dynamics_nodejs.js:108:1)
[34mI20150909-21:35:02.068(4)? [39mException in defer callback: Error: Method not found [404]
[34mI20150909-21:35:02.068(4)? [39m    at Object.Future.wait (/Users/tapmate/.meteor/packages/meteor-tool/.1.1.3.1wysac9++os.osx.x86_64+web.browser+web.cordova/mt-os.osx.x86_64/dev_bundle/server-lib/node_modules/fibers/future.js:398:15)
[34mI20150909-21:35:02.068(4)? [39m    at [object Object]._.extend.apply (packages/ddp/livedata_connection.js:901:1)
[34mI20150909-21:35:02.069(4)? [39m    at [object Object]._.extend.call (packages/ddp/livedata_connection.js:668:1)
[34mI20150909-21:35:02.069(4)? [39m    at app/server/app.js:14:13
[34mI20150909-21:35:02.069(4)? [39m    at [object Object]._.extend.withValue (packages/meteor/dynamics_nodejs.js:56:1)
[34mI20150909-21:35:02.069(4)? [39m    at packages/meteor/timers.js:6:1
[34mI20150909-21:35:02.070(4)? [39m    at runWithEnvironment (packages/meteor/dynamics_nodejs.js:108:1)
[34mI20150909-21:35:02.070(4)? [39m    - - - - -
[34mI20150909-21:35:02.070(4)? [39m    at [object Object]._.extend._livedata_result (packages/ddp/livedata_connection.js:1494:1)
[34mI20150909-21:35:02.070(4)? [39m    at onMessage (packages/ddp/livedata_connection.js:255:1)
[34mI20150909-21:35:02.070(4)? [39m    at runWithEnvironment (packages/meteor/dynamics_nodejs.js:108:1)
[34mI20150909-21:35:02.070(4)? [39m    at packages/meteor/dynamics_nodejs.js:121:1
[34mI20150909-21:35:02.070(4)? [39m    at packages/ddp/stream_client_nodejs.js:193:1
[34mI20150909-21:35:02.070(4)? [39m    at Array.forEach (native)
[34mI20150909-21:35:02.071(4)? [39m    at Function._.each._.forEach (packages/underscore/underscore.js:105:1)
[34mI20150909-21:35:02.071(4)? [39m    at packages/ddp/stream_client_nodejs.js:192:1
[34mI20150909-21:35:02.071(4)? [39m    at packages/ddp/stream_client_nodejs.js:168:1
[34mI20150909-21:35:02.072(4)? [39m    at runWithEnvironment (packages/meteor/dynamics_nodejs.js:108:1)
=> Server modified -- restarting...                                   => Meteor server restarted
[34mI20150909-21:36:29.600(4)? [39mException in defer callback: Error: Method not found [404]
[34mI20150909-21:36:29.600(4)? [39m    at Object.Future.wait (/Users/tapmate/.meteor/packages/meteor-tool/.1.1.3.1wysac9++os.osx.x86_64+web.browser+web.cordova/mt-os.osx.x86_64/dev_bundle/server-lib/node_modules/fibers/future.js:398:15)
[34mI20150909-21:36:29.601(4)? [39m    at [object Object]._.extend.apply (packages/ddp/livedata_connection.js:901:1)
[34mI20150909-21:36:29.601(4)? [39m    at [object Object]._.extend.call (packages/ddp/livedata_connection.js:668:1)
[34mI20150909-21:36:29.601(4)? [39m    at app/server/app.js:15:13
[34mI20150909-21:36:29.601(4)? [39m    at [object Object]._.extend.withValue (packages/meteor/dynamics_nodejs.js:56:1)
[34mI20150909-21:36:29.601(4)? [39m    at packages/meteor/timers.js:6:1
[34mI20150909-21:36:29.601(4)? [39m    at runWithEnvironment (packages/meteor/dynamics_nodejs.js:108:1)
[34mI20150909-21:36:29.601(4)? [39m    - - - - -
[34mI20150909-21:36:29.601(4)? [39m    at [object Object]._.extend._livedata_result (packages/ddp/livedata_connection.js:1494:1)
[34mI20150909-21:36:29.601(4)? [39m    at onMessage (packages/ddp/livedata_connection.js:255:1)
[34mI20150909-21:36:29.601(4)? [39m    at runWithEnvironment (packages/meteor/dynamics_nodejs.js:108:1)
[34mI20150909-21:36:29.601(4)? [39m    at packages/meteor/dynamics_nodejs.js:121:1
[34mI20150909-21:36:29.602(4)? [39m    at packages/ddp/stream_client_nodejs.js:193:1
[34mI20150909-21:36:29.602(4)? [39m    at Array.forEach (native)
[34mI20150909-21:36:29.602(4)? [39m    at Function._.each._.forEach (packages/underscore/underscore.js:105:1)
[34mI20150909-21:36:29.602(4)? [39m    at packages/ddp/stream_client_nodejs.js:192:1
[34mI20150909-21:36:29.602(4)? [39m    at packages/ddp/stream_client_nodejs.js:168:1
[34mI20150909-21:36:29.602(4)? [39m    at runWithEnvironment (packages/meteor/dynamics_nodejs.js:108:1)
[34mI20150909-21:36:29.891(4)? [39mException in defer callback: Error: Method not found [404]
[34mI20150909-21:36:29.891(4)? [39m    at Object.Future.wait (/Users/tapmate/.meteor/packages/meteor-tool/.1.1.3.1wysac9++os.osx.x86_64+web.browser+web.cordova/mt-os.osx.x86_64/dev_bundle/server-lib/node_modules/fibers/future.js:398:15)
[34mI20150909-21:36:29.891(4)? [39m    at [object Object]._.extend.apply (packages/ddp/livedata_connection.js:901:1)
[34mI20150909-21:36:29.891(4)? [39m    at [object Object]._.extend.call (packages/ddp/livedata_connection.js:668:1)
[34mI20150909-21:36:29.891(4)? [39m    at app/server/app.js:15:13
[34mI20150909-21:36:29.891(4)? [39m    at [object Object]._.extend.withValue (packages/meteor/dynamics_nodejs.js:56:1)
[34mI20150909-21:36:29.891(4)? [39m    at packages/meteor/timers.js:6:1
[34mI20150909-21:36:29.891(4)? [39m    at runWithEnvironment (packages/meteor/dynamics_nodejs.js:108:1)
[34mI20150909-21:36:29.892(4)? [39m    - - - - -
[34mI20150909-21:36:29.892(4)? [39m    at [object Object]._.extend._livedata_result (packages/ddp/livedata_connection.js:1494:1)
[34mI20150909-21:36:29.892(4)? [39m    at onMessage (packages/ddp/livedata_connection.js:255:1)
[34mI20150909-21:36:29.892(4)? [39m    at runWithEnvironment (packages/meteor/dynamics_nodejs.js:108:1)
[34mI20150909-21:36:29.892(4)? [39m    at packages/meteor/dynamics_nodejs.js:121:1
[34mI20150909-21:36:29.892(4)? [39m    at packages/ddp/stream_client_nodejs.js:193:1
[34mI20150909-21:36:29.892(4)? [39m    at Array.forEach (native)
[34mI20150909-21:36:29.892(4)? [39m    at Function._.each._.forEach (packages/underscore/underscore.js:105:1)
[34mI20150909-21:36:29.892(4)? [39m    at packages/ddp/stream_client_nodejs.js:192:1
[34mI20150909-21:36:29.892(4)? [39m    at packages/ddp/stream_client_nodejs.js:168:1
[34mI20150909-21:36:29.892(4)? [39m    at runWithEnvironment (packages/meteor/dynamics_nodejs.js:108:1)
[34mI20150909-21:36:30.178(4)? [39mException in defer callback: Error: Method not found [404]
[34mI20150909-21:36:30.178(4)? [39m    at Object.Future.wait (/Users/tapmate/.meteor/packages/meteor-tool/.1.1.3.1wysac9++os.osx.x86_64+web.browser+web.cordova/mt-os.osx.x86_64/dev_bundle/server-lib/node_modules/fibers/future.js:398:15)
[34mI20150909-21:36:30.178(4)? [39m    at [object Object]._.extend.apply (packages/ddp/livedata_connection.js:901:1)
[34mI20150909-21:36:30.178(4)? [39m    at [object Object]._.extend.call (packages/ddp/livedata_connection.js:668:1)
[34mI20150909-21:36:30.178(4)? [39m    at app/server/app.js:15:13
[34mI20150909-21:36:30.178(4)? [39m    at [object Object]._.extend.withValue (packages/meteor/dynamics_nodejs.js:56:1)
[34mI20150909-21:36:30.178(4)? [39m    at packages/meteor/timers.js:6:1
[34mI20150909-21:36:30.178(4)? [39m    at runWithEnvironment (packages/meteor/dynamics_nodejs.js:108:1)
[34mI20150909-21:36:30.178(4)? [39m    - - - - -
[34mI20150909-21:36:30.179(4)? [39m    at [object Object]._.extend._livedata_result (packages/ddp/livedata_connection.js:1494:1)
[34mI20150909-21:36:30.179(4)? [39m    at onMessage (packages/ddp/livedata_connection.js:255:1)
[34mI20150909-21:36:30.179(4)? [39m    at runWithEnvironment (packages/meteor/dynamics_nodejs.js:108:1)
[34mI20150909-21:36:30.179(4)? [39m    at packages/meteor/dynamics_nodejs.js:121:1
[34mI20150909-21:36:30.179(4)? [39m    at packages/ddp/stream_client_nodejs.js:193:1
[34mI20150909-21:36:30.179(4)? [39m    at Array.forEach (native)
[34mI20150909-21:36:30.179(4)? [39m    at Function._.each._.forEach (packages/underscore/underscore.js:105:1)
[34mI20150909-21:36:30.179(4)? [39m    at packages/ddp/stream_client_nodejs.js:192:1
[34mI20150909-21:36:30.179(4)? [39m    at packages/ddp/stream_client_nodejs.js:168:1
[34mI20150909-21:36:30.179(4)? [39m    at runWithEnvironment (packages/meteor/dynamics_nodejs.js:108:1)
